Arguments: 
  /usr/bin/node /mnt/c/Users/bruno/AppData/Roaming/npm/node_modules/yarn/bin/yarn.js

PATH: 
  /usr/local/sbin:/usr/local/bin:/usr/sbin:/usr/bin:/sbin:/bin:/usr/games:/usr/local/games:/mnt/c/Python39/Scripts/:/mnt/c/Python39/:/mnt/c/Windows/system32:/mnt/c/Windows:/mnt/c/Windows/System32/Wbem:/mnt/c/Windows/System32/WindowsPowerShell/v1.0/:/mnt/c/Windows/System32/OpenSSH/:/mnt/c/Program Files/NVIDIA Corporation/NVIDIA NvDLISR:/mnt/c/Program Files (x86)/NVIDIA Corporation/PhysX/Common:/mnt/c/Program Files/nodejs/:/mnt/c/ProgramData/chocolatey/bin:/mnt/c/Program Files/Git/cmd:/mnt/c/Users/bruno/AppData/Local/Microsoft/WindowsApps:/mnt/c/Program Files/Microsoft VS Code/bin:/mnt/c/Users/bruno/AppData/Roaming/npm:/mnt/c/Program Files/JetBrains/WebStorm 2020.3.2/bin:/snap/bin

Yarn version: 
  1.22.10

Node version: 
  14.15.5

Platform: 
  linux x64

Trace: 
  Error: ENOTEMPTY: directory not empty, rmdir '/mnt/c/Users/bruno/Desktop/Programming/NLW/NodeJS/node_modules/sqlite3/lib/binding/napi-v3-linux-x64'

npm manifest: 
  {
    "name": "NLW4-Trilha-NodeJS",
    "version": "1.0.0",
    "main": "index.js",
    "license": "MIT",
    "scripts": {
      "dev": "ts-node-dev --transpile-only --ignore-watch node_modules src/server.ts",
      "typeorm": "ts-node-dev node_modules/typeorm/cli.js",
      "test": "NODE_ENV=test jest -i"
    },
    "dependencies": {
      "express": "^4.17.1",
      "handlebars": "^4.7.7",
      "nodemailer": "^6.4.18",
      "reflect-metadata": "^0.1.13",
      "sqlite3": "^5.0.2",
      "ts-jest": "^26.5.2",
      "typeorm": "^0.2.31",
      "uuid": "^8.3.2",
      "yup": "^0.32.9"
    },
    "devDependencies": {
      "@types/express": "^4.17.11",
      "@types/jest": "^26.0.20",
      "@types/nodemailer": "^6.4.0",
      "@types/supertest": "^2.0.10",
      "@types/uuid": "^8.3.0",
      "eslint-plugin-prettier": "^3.3.1",
      "jest": "^26.6.3",
      "supertest": "^6.1.3",
      "ts-node-dev": "^1.1.1",
      "typescript": "^4.1.5"
    }
  }

yarn manifest: 
  No manifest

Lockfile: 
  No lockfile
